<?xml version="1.0" encoding="UTF-8"?>
<!-- Generated by org.testng.reporters.JUnitReportReporter -->
<testsuite hostname="Shivaji" failures="0" tests="8" name="testNg.dependson" time="0.011" errors="0" timestamp="2022-10-19T16:15:58 IST" skipped="0">
  <testcase classname="testNg.dependson" name="TC04" time="0.002"/>
  <system-out/>
  <testcase classname="testNg.dependson" name="TC02" time="0.002"/>
  <system-out/>
  <testcase classname="testNg.dependson" name="TC02" time="0.002"/>
  <system-out/>
  <testcase classname="testNg.dependson" name="TC02" time="0.002"/>
  <system-out/>
  <testcase classname="testNg.dependson" name="TC02" time="0.001"/>
  <system-out/>
  <testcase classname="testNg.dependson" name="TC03" time="0.001"/>
  <system-out/>
  <testcase classname="testNg.dependson" name="TC02" time="0.001"/>
  <system-out/>
  <testcase classname="testNg.dependson" name="TC01" time="0.000"/>
  <system-out/>
</testsuite> <!-- testNg.dependson -->
