<?xml version="1.0" encoding="UTF-8"?>
<!-- Generated by org.testng.reporters.JUnitReportReporter -->
<testsuite hostname="Shivaji" failures="0" tests="2" name="amazon.Annotations" time="0.005" errors="0" timestamp="2022-10-19T16:15:58 IST" skipped="0">
  <testcase classname="amazon.Annotations" name="TC02" time="0.004"/>
  <system-out/>
  <testcase classname="amazon.Annotations" name="TC01" time="0.001"/>
  <system-out/>
</testsuite> <!-- amazon.Annotations -->
