<?xml version="1.0" encoding="UTF-8"?>
<!-- Generated by org.testng.reporters.JUnitReportReporter -->
<testsuite hostname="Shivaji" failures="0" tests="4" name="testNg.prority" time="0.005" errors="0" timestamp="2022-10-19T16:15:58 IST" skipped="0">
  <testcase classname="testNg.prority" name="TCB" time="0.001"/>
  <system-out/>
  <testcase classname="testNg.prority" name="TCA" time="0.001"/>
  <system-out/>
  <testcase classname="testNg.prority" name="TCD" time="0.002"/>
  <system-out/>
  <testcase classname="testNg.prority" name="TCC" time="0.001"/>
  <system-out/>
</testsuite> <!-- testNg.prority -->
