<?xml version="1.0" encoding="UTF-8"?>
<!-- Generated by org.testng.reporters.JUnitReportReporter -->
<testsuite hostname="Shivaji" failures="0" tests="1" name="CrossBtest.CBtestclass" time="0.008" errors="0" timestamp="2022-11-12T23:04:30 IST" skipped="0">
  <testcase classname="CrossBtest.CBtestclass" name="TC01" time="0.008"/>
  <system-out/>
</testsuite> <!-- CrossBtest.CBtestclass -->
