<?xml version="1.0" encoding="UTF-8"?>
<!-- Generated by org.testng.reporters.JUnitReportReporter -->
<testsuite hostname="Shivaji" failures="0" tests="4" name="amazon.keywords" time="0.004" errors="0" timestamp="2022-10-19T16:15:58 IST" skipped="2">
  <testcase classname="amazon.keywords" name="TC04" time="0.001"/>
  <system-out/>
  <testcase classname="amazon.keywords" name="TC02" time="0.003"/>
  <system-out/>
  <testcase classname="amazon.keywords" name="TC03">
    <skipped/>
  </testcase> <!-- TC03 -->
  <system-out/>
  <testcase classname="amazon.keywords" name="TC01">
    <skipped/>
  </testcase> <!-- TC01 -->
  <system-out/>
</testsuite> <!-- amazon.keywords -->
