<?xml version="1.0" encoding="UTF-8"?>
<!-- Generated by org.testng.reporters.JUnitReportReporter -->
<testsuite hostname="Shivaji" failures="0" tests="1" name="WoodLand.WoodlandTest" time="49.053" errors="0" timestamp="2022-10-19T17:15:44 IST" skipped="0">
  <testcase classname="WoodLand.WoodlandTest" name="TC01" time="49.053"/>
  <system-out/>
</testsuite> <!-- WoodLand.WoodlandTest -->
